<?xml version="1.0" encoding="UTF-8"?>
<!-- Generated by org.testng.reporters.JUnitXMLReporter -->
<testsuite ignored="0" hostname="NithinThantry" failures="1" tests="1" name="Selenium Execution" time="0.19" errors="0" timestamp="2022-12-06T12:16:33 IST">
  <testcase classname="testNg.annotation.MyTestOne" name="testone" time="0.065">
    <failure type="java.lang.AssertionError" message="expected [true] but found [false]">
      <![CDATA[java.lang.AssertionError: expected [true] but found [false]
at testNg.annotation.MyTestOne.testone(MyTestOne.java:11)
at java.base/java.util.ArrayList.forEach(ArrayList.java:1541)
... Removed 33 stack frames]]>
    </failure>
  </testcase> <!-- testone -->
</testsuite> <!-- Selenium Execution -->
